<?xml version="1.0" encoding="UTF-8"?>
<!-- Generated by org.testng.reporters.JUnitXMLReporter -->
<testsuite ignored="0" hostname="QuyenLuong" failures="0" tests="4" name="Test on Chrome" time="19.938" errors="0" timestamp="13 Jun 2023 09:10:04 GMT">
  <testcase classname="nopcommerce.user.MyAccount" name="MyAccount_01_Update_Customer_Info" time="3.041"/>
  <testcase classname="nopcommerce.user.MyAccount" name="MyAccount_02_Add_Address_Info" time="0.0"/>
  <testcase classname="nopcommerce.user.MyAccount" name="MyAccount_03_Change_Password" time="0.0"/>
  <testcase classname="nopcommerce.user.MyAccount" name="MyAccount_04_My_Product_Review" time="0.001"/>
</testsuite> <!-- Test on Chrome -->
