<?xml version="1.0" encoding="UTF-8"?>
<!-- Generated by org.testng.reporters.JUnitXMLReporter -->
<testsuite ignored="0" hostname="QuyenLuong" failures="0" tests="4" name="Test on Chrome" time="18.203" errors="0" timestamp="13 Jun 2023 04:39:38 GMT">
  <testcase classname="nopcommerce.user.MyAccount" name="MyAccount_01_Update_Customer_Info" time="2.636"/>
  <testcase classname="nopcommerce.user.MyAccount" name="MyAccount_02_Add_Address_Info" time="0.003"/>
  <testcase classname="nopcommerce.user.MyAccount" name="MyAccount_03_Change_Password" time="0.0"/>
  <testcase classname="nopcommerce.user.MyAccount" name="MyAccount_04_My_Product_Review" time="0.0"/>
</testsuite> <!-- Test on Chrome -->
